  [1m[35m (0.5ms)[0m  [1m[34mSELECT pg_try_advisory_lock(2997767952668421870);[0m
  [1m[36mActiveRecord::SchemaMigration Load (24.1ms)[0m  [1m[34mSELECT "schema_migrations".* FROM "schema_migrations"[0m
Migrating to CreateSubways (20160812200416)
  [1m[35m (0.9ms)[0m  [1m[35mBEGIN[0m
  [1m[35m (355.0ms)[0m  [1m[35mCREATE TABLE "subways" ("id" serial primary key, "name" character varying, "latitude" float, "longitude" float, "lines" character varying)[0m
  [1m[35mSQL (13.6ms)[0m  [1m[32mINSERT INTO "schema_migrations" ("version") VALUES ($1) RETURNING "version"[0m  [["version", "20160812200416"]]
  [1m[35m (3.3ms)[0m  [1m[35mCOMMIT[0m
Migrating to CreateCitibikes (20160812215722)
  [1m[35m (1.8ms)[0m  [1m[35mBEGIN[0m
  [1m[35m (5.7ms)[0m  [1m[35mCREATE TABLE "citibikes" ("id" serial primary key, "latitude" float, "longitude" float, "created_at" timestamp NOT NULL, "updated_at" timestamp NOT NULL)[0m
  [1m[35mSQL (6.5ms)[0m  [1m[32mINSERT INTO "schema_migrations" ("version") VALUES ($1) RETURNING "version"[0m  [["version", "20160812215722"]]
  [1m[35m (20.4ms)[0m  [1m[35mCOMMIT[0m
Migrating to CreateParks (20160815140409)
  [1m[35m (0.4ms)[0m  [1m[35mBEGIN[0m
  [1m[35m (8.6ms)[0m  [1m[35mCREATE TABLE "parks" ("id" serial primary key, "name" character varying, "address" character varying, "latitude" float, "longitude" float)[0m
  [1m[35mSQL (0.5ms)[0m  [1m[32mINSERT INTO "schema_migrations" ("version") VALUES ($1) RETURNING "version"[0m  [["version", "20160815140409"]]
  [1m[35m (1.0ms)[0m  [1m[35mCOMMIT[0m
  [1m[36mActiveRecord::InternalMetadata Load (1.5ms)[0m  [1m[34mSELECT  "ar_internal_metadata".* FROM "ar_internal_metadata" WHERE "ar_internal_metadata"."key" = $1 LIMIT $2[0m  [["key", :environment], ["LIMIT", 1]]
  [1m[35m (0.2ms)[0m  [1m[35mBEGIN[0m
  [1m[35m (0.5ms)[0m  [1m[35mCOMMIT[0m
  [1m[35m (0.6ms)[0m  [1m[34mSELECT pg_advisory_unlock(2997767952668421870)[0m
  [1m[36mActiveRecord::SchemaMigration Load (0.5ms)[0m  [1m[34mSELECT "schema_migrations".* FROM "schema_migrations"[0m
  [1m[35m (7.2ms)[0m  [1m[34mSELECT t2.oid::regclass::text AS to_table, a1.attname AS column, a2.attname AS primary_key, c.conname AS name, c.confupdtype AS on_update, c.confdeltype AS on_delete
FROM pg_constraint c
JOIN pg_class t1 ON c.conrelid = t1.oid
JOIN pg_class t2 ON c.confrelid = t2.oid
JOIN pg_attribute a1 ON a1.attnum = c.conkey[1] AND a1.attrelid = t1.oid
JOIN pg_attribute a2 ON a2.attnum = c.confkey[1] AND a2.attrelid = t2.oid
JOIN pg_namespace t3 ON c.connamespace = t3.oid
WHERE c.contype = 'f'
  AND t1.relname = 'citibikes'
  AND t3.nspname = ANY (current_schemas(false))
ORDER BY c.conname
[0m
  [1m[35m (6.5ms)[0m  [1m[34mSELECT t2.oid::regclass::text AS to_table, a1.attname AS column, a2.attname AS primary_key, c.conname AS name, c.confupdtype AS on_update, c.confdeltype AS on_delete
FROM pg_constraint c
JOIN pg_class t1 ON c.conrelid = t1.oid
JOIN pg_class t2 ON c.confrelid = t2.oid
JOIN pg_attribute a1 ON a1.attnum = c.conkey[1] AND a1.attrelid = t1.oid
JOIN pg_attribute a2 ON a2.attnum = c.confkey[1] AND a2.attrelid = t2.oid
JOIN pg_namespace t3 ON c.connamespace = t3.oid
WHERE c.contype = 'f'
  AND t1.relname = 'crimes'
  AND t3.nspname = ANY (current_schemas(false))
ORDER BY c.conname
[0m
  [1m[35m (6.2ms)[0m  [1m[34mSELECT t2.oid::regclass::text AS to_table, a1.attname AS column, a2.attname AS primary_key, c.conname AS name, c.confupdtype AS on_update, c.confdeltype AS on_delete
FROM pg_constraint c
JOIN pg_class t1 ON c.conrelid = t1.oid
JOIN pg_class t2 ON c.confrelid = t2.oid
JOIN pg_attribute a1 ON a1.attnum = c.conkey[1] AND a1.attrelid = t1.oid
JOIN pg_attribute a2 ON a2.attnum = c.confkey[1] AND a2.attrelid = t2.oid
JOIN pg_namespace t3 ON c.connamespace = t3.oid
WHERE c.contype = 'f'
  AND t1.relname = 'parks'
  AND t3.nspname = ANY (current_schemas(false))
ORDER BY c.conname
[0m
  [1m[35m (6.1ms)[0m  [1m[34mSELECT t2.oid::regclass::text AS to_table, a1.attname AS column, a2.attname AS primary_key, c.conname AS name, c.confupdtype AS on_update, c.confdeltype AS on_delete
FROM pg_constraint c
JOIN pg_class t1 ON c.conrelid = t1.oid
JOIN pg_class t2 ON c.confrelid = t2.oid
JOIN pg_attribute a1 ON a1.attnum = c.conkey[1] AND a1.attrelid = t1.oid
JOIN pg_attribute a2 ON a2.attnum = c.confkey[1] AND a2.attrelid = t2.oid
JOIN pg_namespace t3 ON c.connamespace = t3.oid
WHERE c.contype = 'f'
  AND t1.relname = 'schools'
  AND t3.nspname = ANY (current_schemas(false))
ORDER BY c.conname
[0m
  [1m[35m (6.3ms)[0m  [1m[34mSELECT t2.oid::regclass::text AS to_table, a1.attname AS column, a2.attname AS primary_key, c.conname AS name, c.confupdtype AS on_update, c.confdeltype AS on_delete
FROM pg_constraint c
JOIN pg_class t1 ON c.conrelid = t1.oid
JOIN pg_class t2 ON c.confrelid = t2.oid
JOIN pg_attribute a1 ON a1.attnum = c.conkey[1] AND a1.attrelid = t1.oid
JOIN pg_attribute a2 ON a2.attnum = c.confkey[1] AND a2.attrelid = t2.oid
JOIN pg_namespace t3 ON c.connamespace = t3.oid
WHERE c.contype = 'f'
  AND t1.relname = 'subways'
  AND t3.nspname = ANY (current_schemas(false))
ORDER BY c.conname
[0m
  [1m[36mActiveRecord::SchemaMigration Load (0.8ms)[0m  [1m[34mSELECT "schema_migrations".* FROM "schema_migrations"[0m
  [1m[36mActiveRecord::SchemaMigration Load (0.9ms)[0m  [1m[34mSELECT "schema_migrations".* FROM "schema_migrations"[0m
  [1m[35m (0.2ms)[0m  [1m[35mBEGIN[0m
  [1m[35mSQL (58.3ms)[0m  [1m[32mINSERT INTO "parks" ("name", "address", "latitude", "longitude") VALUES ($1, $2, $3, $4) RETURNING "id"[0m  [["name", "Barretto Point Park"], ["address", "1121 Viele Avenue, Bronx, NY 10474"], ["latitude", 40.8058019], ["longitude", -73.8881392]]
  [1m[35m (0.8ms)[0m  [1m[35mCOMMIT[0m
  [1m[35m (0.1ms)[0m  [1m[35mBEGIN[0m
  [1m[35mSQL (0.5ms)[0m  [1m[32mINSERT INTO "parks" ("name", "address", "latitude", "longitude") VALUES ($1, $2, $3, $4) RETURNING "id"[0m  [["name", "Prospect Park"], ["address", "95 Prospect Park West, Brooklyn, NY 11215"], ["latitude", 40.6616659], ["longitude", -73.9707695]]
  [1m[35m (0.6ms)[0m  [1m[35mCOMMIT[0m
  [1m[35m (0.1ms)[0m  [1m[35mBEGIN[0m
  [1m[35mSQL (0.5ms)[0m  [1m[32mINSERT INTO "parks" ("name", "address", "latitude", "longitude") VALUES ($1, $2, $3, $4) RETURNING "id"[0m  [["name", "Sunset Park"], ["address", "4200 7 Avenue, Brooklyn, NY 11232"], ["latitude", 40.647976], ["longitude", -74.0037433]]
  [1m[35m (0.6ms)[0m  [1m[35mCOMMIT[0m
  [1m[35m (0.1ms)[0m  [1m[35mBEGIN[0m
  [1m[35mSQL (0.5ms)[0m  [1m[32mINSERT INTO "parks" ("name", "address", "latitude", "longitude") VALUES ($1, $2, $3, $4) RETURNING "id"[0m  [["name", "Bowling Green"], ["address", "10-30 Canyon of Heroes, New York, NY 10004"], ["latitude", 40.7050125], ["longitude", -74.0136767]]
  [1m[35m (0.8ms)[0m  [1m[35mCOMMIT[0m
  [1m[35m (0.3ms)[0m  [1m[35mBEGIN[0m
  [1m[35mSQL (0.5ms)[0m  [1m[32mINSERT INTO "parks" ("name", "address", "latitude", "longitude") VALUES ($1, $2, $3, $4) RETURNING "id"[0m  [["name", "Astoria Park"], ["address", "24-02 19th Street, Long Island City, NY 11102"], ["latitude", 40.7787371], ["longitude", -73.9230952]]
  [1m[35m (0.6ms)[0m  [1m[35mCOMMIT[0m
  [1m[35m (0.1ms)[0m  [1m[35mBEGIN[0m
  [1m[35mSQL (0.4ms)[0m  [1m[32mINSERT INTO "parks" ("name", "address", "latitude", "longitude") VALUES ($1, $2, $3, $4) RETURNING "id"[0m  [["name", "Alice Austen Park"], ["address", "98 Andrease Street, Staten Island, NY 10305"], ["latitude", 40.6145836], ["longitude", -74.0631083]]
  [1m[35m (16.8ms)[0m  [1m[35mCOMMIT[0m
  [1m[35m (0.2ms)[0m  [1m[35mBEGIN[0m
  [1m[35mSQL (0.6ms)[0m  [1m[32mINSERT INTO "parks" ("name", "address", "latitude", "longitude") VALUES ($1, $2, $3, $4) RETURNING "id"[0m  [["name", "Concrete Plant Park"], ["address", "104054 Edgewater Road, Bronx, NY 10459"], ["latitude", 40.8268956], ["longitude", -73.884836]]
  [1m[35m (7.5ms)[0m  [1m[35mCOMMIT[0m
  [1m[35m (0.2ms)[0m  [1m[35mBEGIN[0m
  [1m[35mSQL (0.6ms)[0m  [1m[32mINSERT INTO "parks" ("name", "address", "latitude", "longitude") VALUES ($1, $2, $3, $4) RETURNING "id"[0m  [["name", "Franz Sigel Park"], ["address", "613 Grand Concourse, Bronx, NY 10451"], ["latitude", 40.8233658], ["longitude", -73.9254312]]
  [1m[35m (0.6ms)[0m  [1m[35mCOMMIT[0m
  [1m[35m (0.1ms)[0m  [1m[35mBEGIN[0m
  [1m[35mSQL (0.5ms)[0m  [1m[32mINSERT INTO "parks" ("name", "address", "latitude", "longitude") VALUES ($1, $2, $3, $4) RETURNING "id"[0m  [["name", "Canarsie Park"], ["address", "9006 Seaview Avenue, Brooklyn, NY 11236"], ["latitude", 40.6279848], ["longitude", -73.8942531]]
  [1m[35m (5.0ms)[0m  [1m[35mCOMMIT[0m
  [1m[35m (0.3ms)[0m  [1m[35mBEGIN[0m
  [1m[35mSQL (0.6ms)[0m  [1m[32mINSERT INTO "parks" ("name", "address", "latitude", "longitude") VALUES ($1, $2, $3, $4) RETURNING "id"[0m  [["name", "Fort Greene Park"], ["address", "100 Washington Park, Brooklyn, NY 11205"], ["latitude", 40.691504], ["longitude", -73.9754541]]
  [1m[35m (0.6ms)[0m  [1m[35mCOMMIT[0m
  [1m[35m (0.1ms)[0m  [1m[35mBEGIN[0m
  [1m[35mSQL (0.5ms)[0m  [1m[32mINSERT INTO "parks" ("name", "address", "latitude", "longitude") VALUES ($1, $2, $3, $4) RETURNING "id"[0m  [["name", "Madison Square Park"], ["address", "2 Madison Avenue, New York, NY 10010"], ["latitude", 40.7422041], ["longitude", -73.9878721]]
  [1m[35m (4.6ms)[0m  [1m[35mCOMMIT[0m
  [1m[35m (0.3ms)[0m  [1m[35mBEGIN[0m
  [1m[35mSQL (0.5ms)[0m  [1m[32mINSERT INTO "parks" ("name", "address", "latitude", "longitude") VALUES ($1, $2, $3, $4) RETURNING "id"[0m  [["name", "Union Square Park"], ["address", "69 East 17th Street, New York, NY 10003"], ["latitude", 40.7359814], ["longitude", -73.9904226]]
  [1m[35m (0.6ms)[0m  [1m[35mCOMMIT[0m
  [1m[35m (0.1ms)[0m  [1m[35mBEGIN[0m
  [1m[35mSQL (0.5ms)[0m  [1m[32mINSERT INTO "parks" ("name", "address", "latitude", "longitude") VALUES ($1, $2, $3, $4) RETURNING "id"[0m  [["name", "Bayswater Park"], ["address", "478-498 Beach 36th Street, Far Rockaway, NY 11691"], ["latitude", 40.5978219], ["longitude", -73.7686893]]
  [1m[35m (4.7ms)[0m  [1m[35mCOMMIT[0m
  [1m[35m (0.3ms)[0m  [1m[35mBEGIN[0m
  [1m[35mSQL (0.6ms)[0m  [1m[32mINSERT INTO "parks" ("name", "address", "latitude", "longitude") VALUES ($1, $2, $3, $4) RETURNING "id"[0m  [["name", "Crocheron Park"], ["address", "35th Avenue, Bayside, NY 11361"], ["latitude", 40.7703663], ["longitude", -73.7673516]]
  [1m[35m (0.6ms)[0m  [1m[35mCOMMIT[0m
  [1m[35m (0.1ms)[0m  [1m[35mBEGIN[0m
  [1m[35mSQL (0.5ms)[0m  [1m[32mINSERT INTO "parks" ("name", "address", "latitude", "longitude") VALUES ($1, $2, $3, $4) RETURNING "id"[0m  [["name", "Conference House Park"], ["address", "408-404 Surf Avenue, Staten Island, NY 10307"], ["latitude", 40.4983548], ["longitude", -74.2392378]]
  [1m[35m (5.0ms)[0m  [1m[35mCOMMIT[0m
  [1m[35m (0.3ms)[0m  [1m[35mBEGIN[0m
  [1m[35mSQL (0.5ms)[0m  [1m[32mINSERT INTO "parks" ("name", "address", "latitude", "longitude") VALUES ($1, $2, $3, $4) RETURNING "id"[0m  [["name", "Faber Pool and Park"], ["address", "2175 Richmond Terrace, Staten Island, NY 10302"], ["latitude", 40.6409506], ["longitude", -74.1357823]]
  [1m[35m (0.7ms)[0m  [1m[35mCOMMIT[0m
  [1m[35m (0.1ms)[0m  [1m[35mBEGIN[0m
  [1m[35mSQL (0.5ms)[0m  [1m[32mINSERT INTO "parks" ("name", "address", "latitude", "longitude") VALUES ($1, $2, $3, $4) RETURNING "id"[0m  [["name", "Pelham Bay Park"], ["address", "Rodmans Neck, Bronx, NY 10464"], ["latitude", 40.8586117], ["longitude", -73.8027073]]
  [1m[35m (4.9ms)[0m  [1m[35mCOMMIT[0m
  [1m[35m (0.8ms)[0m  [1m[35mBEGIN[0m
  [1m[35mSQL (0.6ms)[0m  [1m[32mINSERT INTO "parks" ("name", "address", "latitude", "longitude") VALUES ($1, $2, $3, $4) RETURNING "id"[0m  [["name", "St Mary's Park"], ["address", "376 Saint Ann's Avenue, Bronx, NY 10454"], ["latitude", 40.8117311], ["longitude", -73.9125483]]
  [1m[35m (1.0ms)[0m  [1m[35mCOMMIT[0m
  [1m[35m (0.1ms)[0m  [1m[35mBEGIN[0m
  [1m[35mSQL (0.5ms)[0m  [1m[32mINSERT INTO "parks" ("name", "address", "latitude", "longitude") VALUES ($1, $2, $3, $4) RETURNING "id"[0m  [["name", "Brooklyn Bridge Park"], ["address", "Brooklyn Bridge Park Greenway, Brooklyn, NY 11201"], ["latitude", 40.701703], ["longitude", -73.997017]]
  [1m[35m (0.7ms)[0m  [1m[35mCOMMIT[0m
  [1m[35m (0.1ms)[0m  [1m[35mBEGIN[0m
  [1m[35mSQL (0.5ms)[0m  [1m[32mINSERT INTO "parks" ("name", "address", "latitude", "longitude") VALUES ($1, $2, $3, $4) RETURNING "id"[0m  [["name", "Kaiser Park"], ["address", "2529 Neptune Avenue, Brooklyn, NY 11224"], ["latitude", 40.5790457], ["longitude", -73.995828]]
  [1m[35m (1.0ms)[0m  [1m[35mCOMMIT[0m
  [1m[35m (0.2ms)[0m  [1m[35mBEGIN[0m
  [1m[35mSQL (0.5ms)[0m  [1m[32mINSERT INTO "parks" ("name", "address", "latitude", "longitude") VALUES ($1, $2, $3, $4) RETURNING "id"[0m  [["name", "Washington Square Park"], ["address", "59-63 Washington Square South, New York, NY 10012"], ["latitude", 40.7308819], ["longitude", -73.9975919]]
  [1m[35m (0.8ms)[0m  [1m[35mCOMMIT[0m
  [1m[35m (0.1ms)[0m  [1m[35mBEGIN[0m
  [1m[35mSQL (0.4ms)[0m  [1m[32mINSERT INTO "parks" ("name", "address", "latitude", "longitude") VALUES ($1, $2, $3, $4) RETURNING "id"[0m  [["name", "Bryant Park"], ["address", "476 5th Avenue, New York, NY 10018"], ["latitude", 40.7537498], ["longitude", -73.9835487]]
  [1m[35m (5.1ms)[0m  [1m[35mCOMMIT[0m
  [1m[35m (0.3ms)[0m  [1m[35mBEGIN[0m
  [1m[35mSQL (0.6ms)[0m  [1m[32mINSERT INTO "parks" ("name", "address", "latitude", "longitude") VALUES ($1, $2, $3, $4) RETURNING "id"[0m  [["name", "Juniper Valley Park"], ["address", "71-01 Juniper Boulevard South, Flushing, NY 11379"], ["latitude", 40.7203373], ["longitude", -73.8803639]]
  [1m[35m (0.9ms)[0m  [1m[35mCOMMIT[0m
  [1m[35m (0.1ms)[0m  [1m[35mBEGIN[0m
  [1m[35mSQL (0.5ms)[0m  [1m[32mINSERT INTO "parks" ("name", "address", "latitude", "longitude") VALUES ($1, $2, $3, $4) RETURNING "id"[0m  [["name", "Queensbridge Park"], ["address", "Queensbridge Park Greenway, Long Island City, NY 11101"], ["latitude", 40.7566462], ["longitude", -73.9485964]]
  [1m[35m (0.6ms)[0m  [1m[35mCOMMIT[0m
  [1m[35m (0.1ms)[0m  [1m[35mBEGIN[0m
  [1m[35mSQL (0.5ms)[0m  [1m[32mINSERT INTO "parks" ("name", "address", "latitude", "longitude") VALUES ($1, $2, $3, $4) RETURNING "id"[0m  [["name", "Willowbrook Park"], ["address", "Loop Road, Staten Island, NY 10314"], ["latitude", 40.5969002], ["longitude", -74.1541764]]
  [1m[35m (1.9ms)[0m  [1m[35mCOMMIT[0m
  [1m[35m (0.1ms)[0m  [1m[35mBEGIN[0m
  [1m[35mSQL (0.5ms)[0m  [1m[32mINSERT INTO "parks" ("name", "address", "latitude", "longitude") VALUES ($1, $2, $3, $4) RETURNING "id"[0m  [["name", "Tappen Park"], ["address", "71-111 Canal Street, Staten Island, NY 10304"], ["latitude", 40.6268178], ["longitude", -74.0768761]]
  [1m[35m (0.6ms)[0m  [1m[35mCOMMIT[0m
  [1m[36mPark Load (1.4ms)[0m  [1m[34mSELECT "parks".* FROM "parks"[0m
  [1m[36mPark Load (50.2ms)[0m  [1m[34mSELECT "parks".* FROM "parks" WHERE ((abs(parks.latitude - 40.691503) < 0.00001) AND (abs(parks.longitude - -73.9754547) < 0.00001))[0m
